<?xml version="1.0" encoding="UTF-8"?>
<testng-results ignored="0" total="2" passed="2" failed="0" skipped="0">
  <reporter-output>
  </reporter-output>
  <suite started-at="2022-09-16T01:50:33 IST" name="Suite" finished-at="2022-09-16T01:50:53 IST" duration-ms="20021">
    <groups>
    </groups>
    <test started-at="2022-09-16T01:50:33 IST" name="Test" finished-at="2022-09-16T01:50:53 IST" duration-ms="20021">
      <class name="testNg.ParallelTesting">
        <test-method signature="openbing()[pri:0, instance:testNg.ParallelTesting@48f278eb]" started-at="2022-09-16T01:50:33 IST" name="openbing" finished-at="2022-09-16T01:50:49 IST" duration-ms="15636" status="PASS">
          <reporter-output>
          </reporter-output>
        </test-method> <!-- openbing -->
        <test-method signature="opengoogle()[pri:0, instance:testNg.ParallelTesting@48f278eb]" started-at="2022-09-16T01:50:33 IST" name="opengoogle" finished-at="2022-09-16T01:50:53 IST" duration-ms="19792" status="PASS">
          <reporter-output>
          </reporter-output>
        </test-method> <!-- opengoogle -->
      </class> <!-- testNg.ParallelTesting -->
    </test> <!-- Test -->
  </suite> <!-- Suite -->
</testng-results>
